<?xml version="1.0" encoding="UTF-8"?>
<testng-results ignored="0" total="1" passed="1" failed="0" skipped="0">
  <reporter-output>
  </reporter-output>
  <suite started-at="2024-01-20T21:10:21Z" name="Default suite" finished-at="2024-01-20T21:10:31Z" duration-ms="9799">
    <groups>
    </groups>
    <test started-at="2024-01-20T21:10:21Z" name="Default test" finished-at="2024-01-20T21:10:31Z" duration-ms="9799">
      <class name="pruebaFacebook.pruebaTest">
        <test-method signature="f()[pri:0, instance:pruebaFacebook.pruebaTest@4ff8d125]" started-at="2024-01-20T15:10:21Z" name="f" finished-at="2024-01-20T15:10:31Z" duration-ms="9764" status="PASS">
          <reporter-output>
          </reporter-output>
        </test-method> <!-- f -->
      </class> <!-- pruebaFacebook.pruebaTest -->
    </test> <!-- Default test -->
  </suite> <!-- Default suite -->
</testng-results>
