<?xml version="1.0" encoding="UTF-8"?>
<testng-results ignored="0" total="1" passed="1" failed="0" skipped="0">
  <reporter-output>
  </reporter-output>
  <suite started-at="2024-01-20T22:32:09Z" name="Default suite" finished-at="2024-01-20T22:32:19Z" duration-ms="10372">
    <groups>
    </groups>
    <test started-at="2024-01-20T22:32:09Z" name="Default test" finished-at="2024-01-20T22:32:19Z" duration-ms="10372">
      <class name="pruebaFacebook.pruebaTest">
        <test-method signature="f()[pri:0, instance:pruebaFacebook.pruebaTest@1f53a5dc]" started-at="2024-01-20T16:32:09Z" name="f" finished-at="2024-01-20T16:32:19Z" duration-ms="10343" status="PASS">
          <reporter-output>
          </reporter-output>
        </test-method> <!-- f -->
      </class> <!-- pruebaFacebook.pruebaTest -->
    </test> <!-- Default test -->
  </suite> <!-- Default suite -->
</testng-results>
